This is pdfTeX, Version 3.14159265-2.6-1.40.19 (TeX Live 2019/dev/Debian) (preloaded format=pdflatex 2019.4.25)  21 MAY 2019 13:47
entering extended mode
 restricted \write18 enabled.
 %&-line parsing enabled.
**pypath.tex
(./pypath.tex
LaTeX2e <2018-12-01>
(./sphinxmanual.cls
Document Class: sphinxmanual 2018/12/23 v2.0 Document class (Sphinx manual)
(/usr/share/texlive/texmf-dist/tex/latex/base/report.cls
Document Class: report 2018/09/03 v1.4i Standard LaTeX document class
(/usr/share/texlive/texmf-dist/tex/latex/base/size10.clo
File: size10.clo 2018/09/03 v1.4i Standard LaTeX file (size option)
)
\c@part=\count80
\c@chapter=\count81
\c@section=\count82
\c@subsection=\count83
\c@subsubsection=\count84
\c@paragraph=\count85
\c@subparagraph=\count86
\c@figure=\count87
\c@table=\count88
\abovecaptionskip=\skip41
\belowcaptionskip=\skip42
\bibindent=\dimen102
))
(/usr/share/texlive/texmf-dist/tex/latex/base/inputenc.sty
Package: inputenc 2018/08/11 v1.3c Input encoding file
\inpenc@prehook=\toks14
\inpenc@posthook=\toks15
)
   defining Unicode char U+00A0 (decimal 160)
   defining Unicode char U+2500 (decimal 9472)
   defining Unicode char U+2502 (decimal 9474)
   defining Unicode char U+2514 (decimal 9492)
   defining Unicode char U+251C (decimal 9500)
   defining Unicode char U+2572 (decimal 9586)

(/usr/share/texlive/texmf-dist/tex/latex/cmap/cmap.sty
Package: cmap 2008/03/06 v1.0h CMap support: searchable PDF
)
(/usr/share/texlive/texmf-dist/tex/latex/base/fontenc.sty
Package: fontenc 2018/08/11 v2.0j Standard LaTeX package

(/usr/share/texlive/texmf-dist/tex/latex/base/t1enc.def
File: t1enc.def 2018/08/11 v2.0j Standard LaTeX file
LaTeX Font Info:    Redeclaring font encoding T1 on input line 48.
)<<t1.cmap>>)
(/usr/share/texlive/texmf-dist/tex/latex/amsmath/amsmath.sty
Package: amsmath 2018/12/01 v2.17b AMS math features
\@mathmargin=\skip43

For additional information on amsmath, use the `?' option.
(/usr/share/texlive/texmf-dist/tex/latex/amsmath/amstext.sty
Package: amstext 2000/06/29 v2.01 AMS text

(/usr/share/texlive/texmf-dist/tex/latex/amsmath/amsgen.sty
File: amsgen.sty 1999/11/30 v2.0 generic functions
\@emptytoks=\toks16
\ex@=\dimen103
))
(/usr/share/texlive/texmf-dist/tex/latex/amsmath/amsbsy.sty
Package: amsbsy 1999/11/29 v1.2d Bold Symbols
\pmbraise@=\dimen104
)
(/usr/share/texlive/texmf-dist/tex/latex/amsmath/amsopn.sty
Package: amsopn 2016/03/08 v2.02 operator names
)
\inf@bad=\count89
LaTeX Info: Redefining \frac on input line 223.
\uproot@=\count90
\leftroot@=\count91
LaTeX Info: Redefining \overline on input line 385.
\classnum@=\count92
\DOTSCASE@=\count93
LaTeX Info: Redefining \ldots on input line 482.
LaTeX Info: Redefining \dots on input line 485.
LaTeX Info: Redefining \cdots on input line 606.
\Mathstrutbox@=\box27
\strutbox@=\box28
\big@size=\dimen105
LaTeX Font Info:    Redeclaring font encoding OML on input line 729.
LaTeX Font Info:    Redeclaring font encoding OMS on input line 730.
\macc@depth=\count94
\c@MaxMatrixCols=\count95
\dotsspace@=\muskip10
\c@parentequation=\count96
\dspbrk@lvl=\count97
\tag@help=\toks17
\row@=\count98
\column@=\count99
\maxfields@=\count100
\andhelp@=\toks18
\eqnshift@=\dimen106
\alignsep@=\dimen107
\tagshift@=\dimen108
\tagwidth@=\dimen109
\totwidth@=\dimen110
\lineht@=\dimen111
\@envbody=\toks19
\multlinegap=\skip44
\multlinetaggap=\skip45
\mathdisplay@stack=\toks20
LaTeX Info: Redefining \[ on input line 2844.
LaTeX Info: Redefining \] on input line 2845.
)
(/usr/share/texlive/texmf-dist/tex/latex/amsfonts/amssymb.sty
Package: amssymb 2013/01/14 v3.01 AMS font symbols

(/usr/share/texlive/texmf-dist/tex/latex/amsfonts/amsfonts.sty
Package: amsfonts 2013/01/14 v3.01 Basic AMSFonts support
\symAMSa=\mathgroup4
\symAMSb=\mathgroup5
LaTeX Font Info:    Overwriting math alphabet `\mathfrak' in version `bold'
(Font)                  U/euf/m/n --> U/euf/b/n on input line 106.
))
(/usr/share/texlive/texmf-dist/tex/generic/babel/babel.sty
Package: babel 2018/11/13 3.27 The Babel package

(/usr/share/texlive/texmf-dist/tex/generic/babel/switch.def
File: switch.def 2018/11/13 3.27 Babel switching mechanism
)
(/usr/share/texlive/texmf-dist/tex/generic/babel-english/english.ldf
Language: english 2017/06/06 v3.3r English support from the babel system

(/usr/share/texlive/texmf-dist/tex/generic/babel/babel.def
File: babel.def 2018/11/13 3.27 Babel common definitions
\babel@savecnt=\count101
\U@D=\dimen112

(/usr/share/texlive/texmf-dist/tex/generic/babel/txtbabel.def)
\bbl@dirlevel=\count102
)
\l@british = a dialect from \language\l@english 
\l@UKenglish = a dialect from \language\l@english 
\l@canadian = a dialect from \language\l@american 
\l@australian = a dialect from \language\l@british 
\l@newzealand = a dialect from \language\l@british 
))
(/usr/share/texlive/texmf-dist/tex/latex/psnfss/times.sty
Package: times 2005/04/12 PSNFSS-v9.2a (SPQR) 
)
(/usr/share/texlive/texmf-dist/tex/latex/fncychap/fncychap.sty
Package: fncychap 2007/07/30 v1.34 LaTeX package (Revised chapters)
\RW=\skip46
\mylen=\skip47
\myhi=\skip48
\px=\skip49
\py=\skip50
\pyy=\skip51
\pxx=\skip52
\c@AlphaCnt=\count103
\c@AlphaDecCnt=\count104
) (./sphinx.sty
Package: sphinx 2019/01/12 v1.8.4 LaTeX package (Sphinx markup)

(/usr/share/texlive/texmf-dist/tex/generic/oberdiek/ltxcmds.sty
Package: ltxcmds 2016/05/16 v1.23 LaTeX kernel commands for general use (HO)
)
(/usr/share/texlive/texmf-dist/tex/latex/graphics/graphicx.sty
Package: graphicx 2017/06/01 v1.1a Enhanced LaTeX Graphics (DPC,SPQR)

(/usr/share/texlive/texmf-dist/tex/latex/graphics/keyval.sty
Package: keyval 2014/10/28 v1.15 key=value parser (DPC)
\KV@toks@=\toks21
)
(/usr/share/texlive/texmf-dist/tex/latex/graphics/graphics.sty
Package: graphics 2017/06/25 v1.2c Standard LaTeX Graphics (DPC,SPQR)

(/usr/share/texlive/texmf-dist/tex/latex/graphics/trig.sty
Package: trig 2016/01/03 v1.10 sin cos tan (DPC)
)
(/usr/share/texlive/texmf-dist/tex/latex/graphics-cfg/graphics.cfg
File: graphics.cfg 2016/06/04 v1.11 sample graphics configuration
)
Package graphics Info: Driver file: pdftex.def on input line 99.

(/usr/share/texlive/texmf-dist/tex/latex/graphics-def/pdftex.def
File: pdftex.def 2018/01/08 v1.0l Graphics/color driver for pdftex
))
\Gin@req@height=\dimen113
\Gin@req@width=\dimen114
)
(/usr/share/texlive/texmf-dist/tex/latex/fancyhdr/fancyhdr.sty
Package: fancyhdr 2019/01/31 v3.10 Extensive control of page headers and footer
s
\f@nch@headwidth=\skip53
\f@nch@O@elh=\skip54
\f@nch@O@erh=\skip55
\f@nch@O@olh=\skip56
\f@nch@O@orh=\skip57
\f@nch@O@elf=\skip58
\f@nch@O@erf=\skip59
\f@nch@O@olf=\skip60
\f@nch@O@orf=\skip61
)
(/usr/share/texlive/texmf-dist/tex/latex/base/textcomp.sty
Package: textcomp 2018/08/11 v2.0j Standard LaTeX package
Package textcomp Info: Sub-encoding information:
(textcomp)               5 = only ISO-Adobe without \textcurrency
(textcomp)               4 = 5 + \texteuro
(textcomp)               3 = 4 + \textohm
(textcomp)               2 = 3 + \textestimated + \textcurrency
(textcomp)               1 = TS1 - \textcircled - \t
(textcomp)               0 = TS1 (full)
(textcomp)             Font families with sub-encoding setting implement
(textcomp)             only a restricted character set as indicated.
(textcomp)             Family '?' is the default used for unknown fonts.
(textcomp)             See the documentation for details.
Package textcomp Info: Setting ? sub-encoding to TS1/1 on input line 79.

(/usr/share/texlive/texmf-dist/tex/latex/base/ts1enc.def
File: ts1enc.def 2001/06/05 v3.0e (jk/car/fm) Standard LaTeX file
Now handling font encoding TS1 ...
... processing UTF-8 mapping file for font encoding TS1

(/usr/share/texlive/texmf-dist/tex/latex/base/ts1enc.dfu
File: ts1enc.dfu 2018/10/05 v1.2f UTF-8 support for inputenc
   defining Unicode char U+00A2 (decimal 162)
   defining Unicode char U+00A3 (decimal 163)
   defining Unicode char U+00A4 (decimal 164)
   defining Unicode char U+00A5 (decimal 165)
   defining Unicode char U+00A6 (decimal 166)
   defining Unicode char U+00A7 (decimal 167)
   defining Unicode char U+00A8 (decimal 168)
   defining Unicode char U+00A9 (decimal 169)
   defining Unicode char U+00AA (decimal 170)
   defining Unicode char U+00AC (decimal 172)
   defining Unicode char U+00AE (decimal 174)
   defining Unicode char U+00AF (decimal 175)
   defining Unicode char U+00B0 (decimal 176)
   defining Unicode char U+00B1 (decimal 177)
   defining Unicode char U+00B2 (decimal 178)
   defining Unicode char U+00B3 (decimal 179)
   defining Unicode char U+00B4 (decimal 180)
   defining Unicode char U+00B5 (decimal 181)
   defining Unicode char U+00B6 (decimal 182)
   defining Unicode char U+00B7 (decimal 183)
   defining Unicode char U+00B9 (decimal 185)
   defining Unicode char U+00BA (decimal 186)
   defining Unicode char U+00BC (decimal 188)
   defining Unicode char U+00BD (decimal 189)
   defining Unicode char U+00BE (decimal 190)
   defining Unicode char U+00D7 (decimal 215)
   defining Unicode char U+00F7 (decimal 247)
   defining Unicode char U+0192 (decimal 402)
   defining Unicode char U+02C7 (decimal 711)
   defining Unicode char U+02D8 (decimal 728)
   defining Unicode char U+02DD (decimal 733)
   defining Unicode char U+0E3F (decimal 3647)
   defining Unicode char U+2016 (decimal 8214)
   defining Unicode char U+2020 (decimal 8224)
   defining Unicode char U+2021 (decimal 8225)
   defining Unicode char U+2022 (decimal 8226)
   defining Unicode char U+2030 (decimal 8240)
   defining Unicode char U+2031 (decimal 8241)
   defining Unicode char U+203B (decimal 8251)
   defining Unicode char U+203D (decimal 8253)
   defining Unicode char U+2044 (decimal 8260)
   defining Unicode char U+204E (decimal 8270)
   defining Unicode char U+2052 (decimal 8274)
   defining Unicode char U+20A1 (decimal 8353)
   defining Unicode char U+20A4 (decimal 8356)
   defining Unicode char U+20A6 (decimal 8358)
   defining Unicode char U+20A9 (decimal 8361)
   defining Unicode char U+20AB (decimal 8363)
   defining Unicode char U+20AC (decimal 8364)
   defining Unicode char U+20B1 (decimal 8369)
   defining Unicode char U+2103 (decimal 8451)
   defining Unicode char U+2116 (decimal 8470)
   defining Unicode char U+2117 (decimal 8471)
   defining Unicode char U+211E (decimal 8478)
   defining Unicode char U+2120 (decimal 8480)
   defining Unicode char U+2122 (decimal 8482)
   defining Unicode char U+2126 (decimal 8486)
   defining Unicode char U+2127 (decimal 8487)
   defining Unicode char U+212E (decimal 8494)
   defining Unicode char U+2190 (decimal 8592)
   defining Unicode char U+2191 (decimal 8593)
   defining Unicode char U+2192 (decimal 8594)
   defining Unicode char U+2193 (decimal 8595)
   defining Unicode char U+2329 (decimal 9001)
   defining Unicode char U+232A (decimal 9002)
   defining Unicode char U+2422 (decimal 9250)
   defining Unicode char U+25E6 (decimal 9702)
   defining Unicode char U+25EF (decimal 9711)
   defining Unicode char U+266A (decimal 9834)
   defining Unicode char U+FEFF (decimal 65279)
))
LaTeX Info: Redefining \oldstylenums on input line 334.
Package textcomp Info: Setting cmr sub-encoding to TS1/0 on input line 349.
Package textcomp Info: Setting cmss sub-encoding to TS1/0 on input line 350.
Package textcomp Info: Setting cmtt sub-encoding to TS1/0 on input line 351.
Package textcomp Info: Setting cmvtt sub-encoding to TS1/0 on input line 352.
Package textcomp Info: Setting cmbr sub-encoding to TS1/0 on input line 353.
Package textcomp Info: Setting cmtl sub-encoding to TS1/0 on input line 354.
Package textcomp Info: Setting ccr sub-encoding to TS1/0 on input line 355.
Package textcomp Info: Setting ptm sub-encoding to TS1/4 on input line 356.
Package textcomp Info: Setting pcr sub-encoding to TS1/4 on input line 357.
Package textcomp Info: Setting phv sub-encoding to TS1/4 on input line 358.
Package textcomp Info: Setting ppl sub-encoding to TS1/3 on input line 359.
Package textcomp Info: Setting pag sub-encoding to TS1/4 on input line 360.
Package textcomp Info: Setting pbk sub-encoding to TS1/4 on input line 361.
Package textcomp Info: Setting pnc sub-encoding to TS1/4 on input line 362.
Package textcomp Info: Setting pzc sub-encoding to TS1/4 on input line 363.
Package textcomp Info: Setting bch sub-encoding to TS1/4 on input line 364.
Package textcomp Info: Setting put sub-encoding to TS1/5 on input line 365.
Package textcomp Info: Setting uag sub-encoding to TS1/5 on input line 366.
Package textcomp Info: Setting ugq sub-encoding to TS1/5 on input line 367.
Package textcomp Info: Setting ul8 sub-encoding to TS1/4 on input line 368.
Package textcomp Info: Setting ul9 sub-encoding to TS1/4 on input line 369.
Package textcomp Info: Setting augie sub-encoding to TS1/5 on input line 370.
Package textcomp Info: Setting dayrom sub-encoding to TS1/3 on input line 371.
Package textcomp Info: Setting dayroms sub-encoding to TS1/3 on input line 372.

Package textcomp Info: Setting pxr sub-encoding to TS1/0 on input line 373.
Package textcomp Info: Setting pxss sub-encoding to TS1/0 on input line 374.
Package textcomp Info: Setting pxtt sub-encoding to TS1/0 on input line 375.
Package textcomp Info: Setting txr sub-encoding to TS1/0 on input line 376.
Package textcomp Info: Setting txss sub-encoding to TS1/0 on input line 377.
Package textcomp Info: Setting txtt sub-encoding to TS1/0 on input line 378.
Package textcomp Info: Setting lmr sub-encoding to TS1/0 on input line 379.
Package textcomp Info: Setting lmdh sub-encoding to TS1/0 on input line 380.
Package textcomp Info: Setting lmss sub-encoding to TS1/0 on input line 381.
Package textcomp Info: Setting lmssq sub-encoding to TS1/0 on input line 382.
Package textcomp Info: Setting lmvtt sub-encoding to TS1/0 on input line 383.
Package textcomp Info: Setting lmtt sub-encoding to TS1/0 on input line 384.
Package textcomp Info: Setting qhv sub-encoding to TS1/0 on input line 385.
Package textcomp Info: Setting qag sub-encoding to TS1/0 on input line 386.
Package textcomp Info: Setting qbk sub-encoding to TS1/0 on input line 387.
Package textcomp Info: Setting qcr sub-encoding to TS1/0 on input line 388.
Package textcomp Info: Setting qcs sub-encoding to TS1/0 on input line 389.
Package textcomp Info: Setting qpl sub-encoding to TS1/0 on input line 390.
Package textcomp Info: Setting qtm sub-encoding to TS1/0 on input line 391.
Package textcomp Info: Setting qzc sub-encoding to TS1/0 on input line 392.
Package textcomp Info: Setting qhvc sub-encoding to TS1/0 on input line 393.
Package textcomp Info: Setting futs sub-encoding to TS1/4 on input line 394.
Package textcomp Info: Setting futx sub-encoding to TS1/4 on input line 395.
Package textcomp Info: Setting futj sub-encoding to TS1/4 on input line 396.
Package textcomp Info: Setting hlh sub-encoding to TS1/3 on input line 397.
Package textcomp Info: Setting hls sub-encoding to TS1/3 on input line 398.
Package textcomp Info: Setting hlst sub-encoding to TS1/3 on input line 399.
Package textcomp Info: Setting hlct sub-encoding to TS1/5 on input line 400.
Package textcomp Info: Setting hlx sub-encoding to TS1/5 on input line 401.
Package textcomp Info: Setting hlce sub-encoding to TS1/5 on input line 402.
Package textcomp Info: Setting hlcn sub-encoding to TS1/5 on input line 403.
Package textcomp Info: Setting hlcw sub-encoding to TS1/5 on input line 404.
Package textcomp Info: Setting hlcf sub-encoding to TS1/5 on input line 405.
Package textcomp Info: Setting pplx sub-encoding to TS1/3 on input line 406.
Package textcomp Info: Setting pplj sub-encoding to TS1/3 on input line 407.
Package textcomp Info: Setting ptmx sub-encoding to TS1/4 on input line 408.
Package textcomp Info: Setting ptmj sub-encoding to TS1/4 on input line 409.
)
(/usr/share/texlive/texmf-dist/tex/latex/titlesec/titlesec.sty
Package: titlesec 2016/03/21 v2.10.2 Sectioning titles
\ttl@box=\box29
\beforetitleunit=\skip62
\aftertitleunit=\skip63
\ttl@plus=\dimen115
\ttl@minus=\dimen116
\ttl@toksa=\toks22
\titlewidth=\dimen117
\titlewidthlast=\dimen118
\titlewidthfirst=\dimen119
)
(/usr/share/texlive/texmf-dist/tex/latex/tabulary/tabulary.sty
Package: tabulary 2014/06/11 v0.10 tabulary package (DPC)

(/usr/share/texlive/texmf-dist/tex/latex/tools/array.sty
Package: array 2018/12/30 v2.4k Tabular extension package (FMi)
\col@sep=\dimen120
\ar@mcellbox=\box30
\extrarowheight=\dimen121
\NC@list=\toks23
\extratabsurround=\skip64
\backup@length=\skip65
\ar@cellbox=\box31
)
\TY@count=\count105
\TY@linewidth=\dimen122
\tymin=\dimen123
\tymax=\dimen124
\TY@tablewidth=\dimen125
)
(/usr/share/texlive/texmf-dist/tex/latex/tools/longtable.sty
Package: longtable 2014/10/28 v4.11 Multi-page Table package (DPC)+ FMi change
\LTleft=\skip66
\LTright=\skip67
\LTpre=\skip68
\LTpost=\skip69
\LTchunksize=\count106
\LTcapwidth=\dimen126
\LT@head=\box32
\LT@firsthead=\box33
\LT@foot=\box34
\LT@lastfoot=\box35
\LT@cols=\count107
\LT@rows=\count108
\c@LT@tables=\count109
\c@LT@chunks=\count110
\LT@p@ftn=\toks24
)
(/usr/share/texlive/texmf-dist/tex/latex/varwidth/varwidth.sty
Package: varwidth 2009/03/30 ver 0.92;  Variable-width minipages
\@vwid@box=\box36
\sift@deathcycles=\count111
\@vwid@loff=\dimen127
\@vwid@roff=\dimen128
)
(./sphinxmulticell.sty
Package: sphinxmulticell 2017/02/23 v1.6 better span rows and columns of a tabl
e (Sphinx team)
\sphinx@TY@tablewidth=\dimen129
)
(/usr/share/texlive/texmf-dist/tex/latex/base/makeidx.sty
Package: makeidx 2014/09/29 v1.0m Standard LaTeX package
)
(/usr/share/texlive/texmf-dist/tex/latex/framed/framed.sty
Package: framed 2011/10/22 v 0.96: framed or shaded text with page breaks
\OuterFrameSep=\skip70
\fb@frw=\dimen130
\fb@frh=\dimen131
\FrameRule=\dimen132
\FrameSep=\dimen133
)
(/usr/share/texlive/texmf-dist/tex/latex/xcolor/xcolor.sty
Package: xcolor 2016/05/11 v2.12 LaTeX color extensions (UK)

(/usr/share/texlive/texmf-dist/tex/latex/graphics-cfg/color.cfg
File: color.cfg 2016/01/02 v1.6 sample color configuration
)
Package xcolor Info: Driver file: pdftex.def on input line 225.
Package xcolor Info: Model `cmy' substituted by `cmy0' on input line 1348.
Package xcolor Info: Model `hsb' substituted by `rgb' on input line 1352.
Package xcolor Info: Model `RGB' extended on input line 1364.
Package xcolor Info: Model `HTML' substituted by `rgb' on input line 1366.
Package xcolor Info: Model `Hsb' substituted by `hsb' on input line 1367.
Package xcolor Info: Model `tHsb' substituted by `hsb' on input line 1368.
Package xcolor Info: Model `HSB' substituted by `hsb' on input line 1369.
Package xcolor Info: Model `Gray' substituted by `gray' on input line 1370.
Package xcolor Info: Model `wave' substituted by `hsb' on input line 1371.
)
(/usr/share/texlive/texmf-dist/tex/latex/fancyvrb/fancyvrb.sty
Package: fancyvrb 2019/01/15

Style option: `fancyvrb' v3.2a <2019/01/15> (tvz)
\FV@CodeLineNo=\count112
\FV@InFile=\read1
\FV@TabBox=\box37
\c@FancyVerbLine=\count113
\FV@StepNumber=\count114
\FV@OutFile=\write3
) (./footnotehyper-sphinx.sty
Package: footnotehyper-sphinx 2017/10/27 v1.7 hyperref aware footnote.sty for s
phinx (JFB)
\FNH@notes=\box38
\FNH@width=\dimen134
) (/usr/share/texlive/texmf-dist/tex/latex/float/float.sty
Package: float 2001/11/08 v1.3d Float enhancements (AL)
\c@float@type=\count115
\float@exts=\toks25
\float@box=\box39
\@float@everytoks=\toks26
\@floatcapt=\box40
)
(/usr/share/texlive/texmf-dist/tex/latex/wrapfig/wrapfig.sty
\wrapoverhang=\dimen135
\WF@size=\dimen136
\c@WF@wrappedlines=\count116
\WF@box=\box41
\WF@everypar=\toks27
Package: wrapfig 2003/01/31  v 3.6
)
(/usr/share/texlive/texmf-dist/tex/latex/parskip/parskip.sty
Rollback for package 'parskip' requested -> version 'v1'.
         This corresponds to the release introduced on 2001-04-09.

(/usr/share/texlive/texmf-dist/tex/latex/parskip/parskip-2001-04-09.sty
Package: parskip 2001/04/09 non-zero parskip adjustments
))
(/usr/share/texlive/texmf-dist/tex/latex/base/alltt.sty
Package: alltt 1997/06/16 v2.0g defines alltt environment
)
(/usr/share/texlive/texmf-dist/tex/latex/upquote/upquote.sty
Package: upquote 2012/04/19 v1.3 upright-quote and grave-accent glyphs in verba
tim
)
(/usr/share/texlive/texmf-dist/tex/latex/capt-of/capt-of.sty
Package: capt-of 2009/12/29 v0.2 standard captions outside of floats
)
(/usr/share/texlive/texmf-dist/tex/latex/needspace/needspace.sty
Package: needspace 2010/09/12 v1.3d reserve vertical space
)
(./sphinxhighlight.sty
Package: sphinxhighlight 2016/05/29 stylesheet for highlighting with pygments
)
(/usr/share/texlive/texmf-dist/tex/latex/oberdiek/kvoptions.sty
Package: kvoptions 2016/05/16 v3.12 Key value format for package options (HO)

(/usr/share/texlive/texmf-dist/tex/generic/oberdiek/kvsetkeys.sty
Package: kvsetkeys 2016/05/16 v1.17 Key value parser (HO)

(/usr/share/texlive/texmf-dist/tex/generic/oberdiek/infwarerr.sty
Package: infwarerr 2016/05/16 v1.4 Providing info/warning/error messages (HO)
)
(/usr/share/texlive/texmf-dist/tex/generic/oberdiek/etexcmds.sty
Package: etexcmds 2016/05/16 v1.6 Avoid name clashes with e-TeX commands (HO)

(/usr/share/texlive/texmf-dist/tex/generic/oberdiek/ifluatex.sty
Package: ifluatex 2016/05/16 v1.4 Provides the ifluatex switch (HO)
Package ifluatex Info: LuaTeX not detected.
))))
\sphinxverbatimsep=\dimen137
\sphinxverbatimborder=\dimen138
\sphinxshadowsep=\dimen139
\sphinxshadowsize=\dimen140
\sphinxshadowrule=\dimen141
\spx@notice@border=\dimen142
\spx@image@maxheight=\dimen143
\spx@image@box=\dimen144
\c@literalblock=\count117
\sphinxcontinuationbox=\box42
\sphinxvisiblespacebox=\box43
\sphinxVerbatim@TitleBox=\box44
\py@argswidth=\skip71
\lineblockindentation=\skip72
\DUlineblockindent=\skip73
)
(/usr/share/texlive/texmf-dist/tex/latex/geometry/geometry.sty
Package: geometry 2018/04/16 v5.8 Page Geometry

(/usr/share/texlive/texmf-dist/tex/generic/oberdiek/ifpdf.sty
Package: ifpdf 2018/09/07 v3.3 Provides the ifpdf switch
)
(/usr/share/texlive/texmf-dist/tex/generic/oberdiek/ifvtex.sty
Package: ifvtex 2016/05/16 v1.6 Detect VTeX and its facilities (HO)
Package ifvtex Info: VTeX not detected.
)
(/usr/share/texlive/texmf-dist/tex/generic/ifxetex/ifxetex.sty
Package: ifxetex 2010/09/12 v0.6 Provides ifxetex conditional
)
\Gm@cnth=\count118
\Gm@cntv=\count119
\c@Gm@tempcnt=\count120
\Gm@bindingoffset=\dimen145
\Gm@wd@mp=\dimen146
\Gm@odd@mp=\dimen147
\Gm@even@mp=\dimen148
\Gm@layoutwidth=\dimen149
\Gm@layoutheight=\dimen150
\Gm@layouthoffset=\dimen151
\Gm@layoutvoffset=\dimen152
\Gm@dimlist=\toks28
)
(/usr/share/texlive/texmf-dist/tex/latex/hyperref/hyperref.sty
Package: hyperref 2018/11/30 v6.88e Hypertext links for LaTeX

(/usr/share/texlive/texmf-dist/tex/generic/oberdiek/hobsub-hyperref.sty
Package: hobsub-hyperref 2016/05/16 v1.14 Bundle oberdiek, subset hyperref (HO)


(/usr/share/texlive/texmf-dist/tex/generic/oberdiek/hobsub-generic.sty
Package: hobsub-generic 2016/05/16 v1.14 Bundle oberdiek, subset generic (HO)
Package: hobsub 2016/05/16 v1.14 Construct package bundles (HO)
Package hobsub Info: Skipping package `infwarerr' (already loaded).
Package hobsub Info: Skipping package `ltxcmds' (already loaded).
Package hobsub Info: Skipping package `ifluatex' (already loaded).
Package hobsub Info: Skipping package `ifvtex' (already loaded).
Package: intcalc 2016/05/16 v1.2 Expandable calculations with integers (HO)
Package hobsub Info: Skipping package `ifpdf' (already loaded).
Package hobsub Info: Skipping package `etexcmds' (already loaded).
Package hobsub Info: Skipping package `kvsetkeys' (already loaded).
Package: kvdefinekeys 2016/05/16 v1.4 Define keys (HO)
Package: pdftexcmds 2018/09/10 v0.29 Utility functions of pdfTeX for LuaTeX (HO
)
Package pdftexcmds Info: LuaTeX not detected.
Package pdftexcmds Info: \pdf@primitive is available.
Package pdftexcmds Info: \pdf@ifprimitive is available.
Package pdftexcmds Info: \pdfdraftmode found.
Package: pdfescape 2016/05/16 v1.14 Implements pdfTeX's escape features (HO)
Package: bigintcalc 2016/05/16 v1.4 Expandable calculations on big integers (HO
)
Package: bitset 2016/05/16 v1.2 Handle bit-vector datatype (HO)
Package: uniquecounter 2016/05/16 v1.3 Provide unlimited unique counter (HO)
)
Package hobsub Info: Skipping package `hobsub' (already loaded).
Package: letltxmacro 2016/05/16 v1.5 Let assignment for LaTeX macros (HO)
Package: hopatch 2016/05/16 v1.3 Wrapper for package hooks (HO)
Package: xcolor-patch 2016/05/16 xcolor patch
Package: atveryend 2016/05/16 v1.9 Hooks at the very end of document (HO)
Package atveryend Info: \enddocument detected (standard20110627).
Package: atbegshi 2016/06/09 v1.18 At begin shipout hook (HO)
Package: refcount 2016/05/16 v3.5 Data extraction from label references (HO)
Package: hycolor 2016/05/16 v1.8 Color options for hyperref/bookmark (HO)
)
(/usr/share/texlive/texmf-dist/tex/latex/oberdiek/auxhook.sty
Package: auxhook 2016/05/16 v1.4 Hooks for auxiliary files (HO)
)
\@linkdim=\dimen153
\Hy@linkcounter=\count121
\Hy@pagecounter=\count122

(/usr/share/texlive/texmf-dist/tex/latex/hyperref/pd1enc.def
File: pd1enc.def 2018/11/30 v6.88e Hyperref: PDFDocEncoding definition (HO)
Now handling font encoding PD1 ...
... no UTF-8 mapping file for font encoding PD1
)
\Hy@SavedSpaceFactor=\count123

(/usr/share/texlive/texmf-dist/tex/latex/latexconfig/hyperref.cfg
File: hyperref.cfg 2002/06/06 v1.2 hyperref configuration of TeXLive
)
Package hyperref Info: Option `unicode' set `true' on input line 4393.

(/usr/share/texlive/texmf-dist/tex/latex/hyperref/puenc.def
File: puenc.def 2018/11/30 v6.88e Hyperref: PDF Unicode definition (HO)
Now handling font encoding PU ...
... no UTF-8 mapping file for font encoding PU
)
Package hyperref Info: Option `colorlinks' set `true' on input line 4393.
Package hyperref Info: Option `breaklinks' set `true' on input line 4393.
Package hyperref Info: Hyper figures OFF on input line 4519.
Package hyperref Info: Link nesting OFF on input line 4524.
Package hyperref Info: Hyper index ON on input line 4527.
Package hyperref Info: Plain pages OFF on input line 4534.
Package hyperref Info: Backreferencing OFF on input line 4539.
Package hyperref Info: Implicit mode ON; LaTeX internals redefined.
Package hyperref Info: Bookmarks ON on input line 4772.
\c@Hy@tempcnt=\count124

(/usr/share/texlive/texmf-dist/tex/latex/url/url.sty
\Urlmuskip=\muskip11
Package: url 2013/09/16  ver 3.4  Verb mode for urls, etc.
)
LaTeX Info: Redefining \url on input line 5125.
\XeTeXLinkMargin=\dimen154
\Fld@menulength=\count125
\Field@Width=\dimen155
\Fld@charsize=\dimen156
Package hyperref Info: Hyper figures OFF on input line 6380.
Package hyperref Info: Link nesting OFF on input line 6385.
Package hyperref Info: Hyper index ON on input line 6388.
Package hyperref Info: backreferencing OFF on input line 6395.
Package hyperref Info: Link coloring ON on input line 6398.
Package hyperref Info: Link coloring with OCG OFF on input line 6405.
Package hyperref Info: PDF/A mode OFF on input line 6410.
LaTeX Info: Redefining \ref on input line 6450.
LaTeX Info: Redefining \pageref on input line 6454.
\Hy@abspage=\count126
\c@Item=\count127
\c@Hfootnote=\count128
)
Package hyperref Info: Driver (autodetected): hpdftex.

(/usr/share/texlive/texmf-dist/tex/latex/hyperref/hpdftex.def
File: hpdftex.def 2018/11/30 v6.88e Hyperref driver for pdfTeX
\Fld@listcount=\count129
\c@bookmark@seq@number=\count130

(/usr/share/texlive/texmf-dist/tex/latex/oberdiek/rerunfilecheck.sty
Package: rerunfilecheck 2016/05/16 v1.8 Rerun checks for auxiliary files (HO)
Package uniquecounter Info: New unique counter `rerunfilecheck' on input line 2
82.
)
\Hy@SectionHShift=\skip74
)
(/usr/share/texlive/texmf-dist/tex/latex/oberdiek/hypcap.sty
Package: hypcap 2016/05/16 v1.12 Adjusting the anchors of captions (HO)
)
(./sphinxmessages.sty
Package: sphinxmessages 2019/01/04 v2.0 Localized LaTeX macros (Sphinx team)
)
\@indexfile=\write4
\openout4 = `pypath.idx'.


Writing index file pypath.idx
(./pypath.aux)
\openout1 = `pypath.aux'.

LaTeX Font Info:    Checking defaults for OML/cmm/m/it on input line 81.
LaTeX Font Info:    ... okay on input line 81.
LaTeX Font Info:    Checking defaults for T1/cmr/m/n on input line 81.
LaTeX Font Info:    ... okay on input line 81.
LaTeX Font Info:    Checking defaults for OT1/cmr/m/n on input line 81.
LaTeX Font Info:    ... okay on input line 81.
LaTeX Font Info:    Checking defaults for OMS/cmsy/m/n on input line 81.
LaTeX Font Info:    ... okay on input line 81.
LaTeX Font Info:    Checking defaults for OMX/cmex/m/n on input line 81.
LaTeX Font Info:    ... okay on input line 81.
LaTeX Font Info:    Checking defaults for U/cmr/m/n on input line 81.
LaTeX Font Info:    ... okay on input line 81.
LaTeX Font Info:    Checking defaults for TS1/cmr/m/n on input line 81.
LaTeX Font Info:    Try loading font information for TS1+cmr on input line 81.
 (/usr/share/texlive/texmf-dist/tex/latex/base/ts1cmr.fd
File: ts1cmr.fd 2014/09/29 v2.5h Standard LaTeX font definitions
)
LaTeX Font Info:    ... okay on input line 81.
LaTeX Font Info:    Checking defaults for PD1/pdf/m/n on input line 81.
LaTeX Font Info:    ... okay on input line 81.
LaTeX Font Info:    Checking defaults for PU/pdf/m/n on input line 81.
LaTeX Font Info:    ... okay on input line 81.
LaTeX Font Info:    Try loading font information for T1+ptm on input line 81.

(/usr/share/texlive/texmf-dist/tex/latex/psnfss/t1ptm.fd
File: t1ptm.fd 2001/06/04 font definitions for T1/ptm.
)
(/usr/share/texlive/texmf-dist/tex/context/base/mkii/supp-pdf.mkii
[Loading MPS to PDF converter (version 2006.09.02).]
\scratchcounter=\count131
\scratchdimen=\dimen157
\scratchbox=\box45
\nofMPsegments=\count132
\nofMParguments=\count133
\everyMPshowfont=\toks29
\MPscratchCnt=\count134
\MPscratchDim=\dimen158
\MPnumerator=\count135
\makeMPintoPDFobject=\count136
\everyMPtoPDFconversion=\toks30
) (/usr/share/texlive/texmf-dist/tex/latex/oberdiek/epstopdf-base.sty
Package: epstopdf-base 2016/05/15 v2.6 Base part for package epstopdf

(/usr/share/texlive/texmf-dist/tex/latex/oberdiek/grfext.sty
Package: grfext 2016/05/16 v1.2 Manage graphics extensions (HO)
)
Package epstopdf-base Info: Redefining graphics rule for `.eps' on input line 4
38.
Package grfext Info: Graphics extension search list:
(grfext)             [.pdf,.png,.jpg,.mps,.jpeg,.jbig2,.jb2,.PDF,.PNG,.JPG,.JPE
G,.JBIG2,.JB2,.eps]
(grfext)             \AppendGraphicsExtensions on input line 456.

(/usr/share/texlive/texmf-dist/tex/latex/latexconfig/epstopdf-sys.cfg
File: epstopdf-sys.cfg 2010/07/13 v1.3 Configuration of (r)epstopdf for TeX Liv
e
))
*geometry* driver: auto-detecting
*geometry* detected driver: pdftex
*geometry* verbose mode - [ preamble ] result:
* driver: pdftex
* paper: letterpaper
* layout: <same size as paper>
* layoutoffset:(h,v)=(0.0pt,0.0pt)
* modes: twoside 
* h-part:(L,W,R)=(72.26999pt, 469.75502pt, 72.26999pt)
* v-part:(T,H,B)=(72.26999pt, 650.43001pt, 72.26999pt)
* \paperwidth=614.295pt
* \paperheight=794.96999pt
* \textwidth=469.75502pt
* \textheight=650.43001pt
* \oddsidemargin=0.0pt
* \evensidemargin=0.0pt
* \topmargin=-37.0pt
* \headheight=12.0pt
* \headsep=25.0pt
* \topskip=10.0pt
* \footskip=30.0pt
* \marginparwidth=36.135pt
* \marginparsep=11.0pt
* \columnsep=10.0pt
* \skip\footins=9.0pt plus 4.0pt minus 2.0pt
* \hoffset=0.0pt
* \voffset=0.0pt
* \mag=1000
* \@twocolumnfalse
* \@twosidetrue
* \@mparswitchtrue
* \@reversemarginfalse
* (1in=72.27pt=25.4mm, 1cm=28.453pt)

\AtBeginShipoutBox=\box46
Package hyperref Info: Link coloring ON on input line 81.
(/usr/share/texlive/texmf-dist/tex/latex/hyperref/nameref.sty
Package: nameref 2016/05/21 v2.44 Cross-referencing by name of section

(/usr/share/texlive/texmf-dist/tex/generic/oberdiek/gettitlestring.sty
Package: gettitlestring 2016/05/16 v1.5 Cleanup title references (HO)
)
\c@section@level=\count137
)
LaTeX Info: Redefining \ref on input line 81.
LaTeX Info: Redefining \pageref on input line 81.
LaTeX Info: Redefining \nameref on input line 81.

(./pypath.out) (./pypath.out)
\@outlinefile=\write5
\openout5 = `pypath.out'.

Package hyperref Info: Option `pageanchor' set `false' on input line 84.
LaTeX Font Info:    Try loading font information for T1+phv on input line 84.

(/usr/share/texlive/texmf-dist/tex/latex/psnfss/t1phv.fd
File: t1phv.fd 2001/06/04 scalable font definitions for T1/phv.
)
LaTeX Font Info:    Font shape `T1/phv/bx/n' in size <10> not available
(Font)              Font shape `T1/phv/b/n' tried instead on input line 84.
LaTeX Font Info:    Font shape `T1/phv/bx/n' in size <24.88> not available
(Font)              Font shape `T1/phv/b/n' tried instead on input line 84.
LaTeX Font Info:    Font shape `T1/phv/bx/it' in size <10> not available
(Font)              Font shape `T1/phv/b/it' tried instead on input line 84.
LaTeX Font Info:    Font shape `T1/phv/b/it' in size <10> not available
(Font)              Font shape `T1/phv/b/sl' tried instead on input line 84.
LaTeX Font Info:    Font shape `T1/phv/bx/it' in size <17.28> not available
(Font)              Font shape `T1/phv/b/it' tried instead on input line 84.
LaTeX Font Info:    Font shape `T1/phv/b/it' in size <17.28> not available
(Font)              Font shape `T1/phv/b/sl' tried instead on input line 84.
LaTeX Font Info:    Font shape `T1/phv/bx/n' in size <17.28> not available
(Font)              Font shape `T1/phv/b/n' tried instead on input line 84.
<<ot1.cmap>><<oml.cmap>><<oms.cmap>><<omx.cmap>>
LaTeX Font Info:    Try loading font information for U+msa on input line 84.

(/usr/share/texlive/texmf-dist/tex/latex/amsfonts/umsa.fd
File: umsa.fd 2013/01/14 v3.01 AMS symbols A
)
LaTeX Font Info:    Try loading font information for U+msb on input line 84.

(/usr/share/texlive/texmf-dist/tex/latex/amsfonts/umsb.fd
File: umsb.fd 2013/01/14 v3.01 AMS symbols B
)
LaTeX Font Info:    Font shape `T1/phv/bx/n' in size <12> not available
(Font)              Font shape `T1/phv/b/n' tried instead on input line 84.
 [1

{/var/lib/texmf/fonts/map/pdftex/updmap/pdftex.map}] [2


]
LaTeX Font Info:    Font shape `T1/phv/bx/n' in size <14.4> not available
(Font)              Font shape `T1/phv/b/n' tried instead on input line 86.
 (./pypath.toc
LaTeX Font Info:    Font shape `T1/ptm/bx/n' in size <10> not available
(Font)              Font shape `T1/ptm/b/n' tried instead on input line 2.
 [1

])
\tf@toc=\write6
\openout6 = `pypath.toc'.

 [2]
LaTeX Font Info:    Try loading font information for T1+pcr on input line 96.

(/usr/share/texlive/texmf-dist/tex/latex/psnfss/t1pcr.fd
File: t1pcr.fd 2001/06/04 font definitions for T1/pcr.
) [1

] [2

]
Chapter 1.
[3]
LaTeX Font Info:    Try loading font information for TS1+ptm on input line 173.

 (/usr/share/texlive/texmf-dist/tex/latex/psnfss/ts1ptm.fd
File: ts1ptm.fd 2001/06/04 font definitions for TS1/ptm.
) [4] [5] [6

]
Chapter 2.
LaTeX Font Info:    Font shape `T1/pcr/bx/n' in size <10> not available
(Font)              Font shape `T1/pcr/b/n' tried instead on input line 284.

Underfull \hbox (badness 10000) in paragraph at lines 290--290
[]\T1/ptm/m/it/10 name\T1/ptm/m/n/10 , \T1/ptm/m/it/10 ncbi_tax_id=9606\T1/ptm/
m/n/10 , \T1/ptm/m/it/10 in-put_method=None\T1/ptm/m/n/10 , \T1/ptm/m/it/10 in-

 []


Underfull \hbox (badness 10000) in paragraph at lines 417--417
[]\T1/ptm/m/it/10 name\T1/ptm/m/n/10 , \T1/ptm/m/it/10 lig-and_col=None\T1/ptm/
m/n/10 , \T1/ptm/m/it/10 re-cep-
 []


Underfull \hbox (badness 10000) in paragraph at lines 417--417
\T1/ptm/m/it/10 tor_col=None\T1/ptm/m/n/10 , \T1/ptm/m/it/10 lig-and_id_type=No
ne\T1/ptm/m/n/10 , \T1/ptm/m/it/10 re-cep-
 []


Underfull \hbox (badness 10000) in paragraph at lines 417--417
\T1/ptm/m/it/10 tor_id_type=None\T1/ptm/m/n/10 , \T1/ptm/m/it/10 record_process
or_method=None\T1/ptm/m/n/10 ,
 []


Underfull \hbox (badness 10000) in paragraph at lines 417--417
\T1/ptm/m/it/10 record_extra_fields=None\T1/ptm/m/n/10 , \T1/ptm/m/it/10 record
_defaults=None\T1/ptm/m/n/10 , \T1/ptm/m/it/10 ex-
 []

[7]
Underfull \hbox (badness 10000) in paragraph at lines 507--507
[]\T1/ptm/m/it/10 name\T1/ptm/m/n/10 , \T1/ptm/m/it/10 ncbi_tax_id=9606\T1/ptm/
m/n/10 , \T1/ptm/m/it/10 in-
 []


Underfull \hbox (badness 10000) in paragraph at lines 507--507
\T1/ptm/m/it/10 put_method=None\T1/ptm/m/n/10 , \T1/ptm/m/it/10 in-put_args=Non
e\T1/ptm/m/n/10 ,
 []

[8]
LaTeX Font Info:    Font shape `T1/pcr/m/it' in size <10> not available
(Font)              Font shape `T1/pcr/m/sl' tried instead on input line 641.
LaTeX Font Info:    Try loading font information for TS1+pcr on input line 1.
 (/usr/share/texlive/texmf-dist/tex/latex/psnfss/ts1pcr.fd
File: ts1pcr.fd 2001/06/04 font definitions for TS1/pcr.
)
Underfull \hbox (badness 10000) in paragraph at lines 646--651
[]\T1/pcr/b/n/10 default_name_type \T1/ptm/m/n/10 (\T1/pcr/m/sl/10 dict\T1/ptm/
m/n/10 ) ^^U Op-tional, \T1/pcr/m/n/10 {\TS1/pcr/m/n/10 '\T1/pcr/m/n/10 protein
\TS1/pcr/m/n/10 '\T1/pcr/m/n/10 : \TS1/pcr/m/n/10 '\T1/pcr/m/n/10 uniprot\TS1/p
cr/m/n/10 '\T1/pcr/m/n/10 ,
 []


Underfull \hbox (badness 10000) in paragraph at lines 646--651
\TS1/pcr/m/n/10 '\T1/pcr/m/n/10 mirna\TS1/pcr/m/n/10 '\T1/pcr/m/n/10 : \TS1/pcr
/m/n/10 '\T1/pcr/m/n/10 mirbase\TS1/pcr/m/n/10 '\T1/pcr/m/n/10 , \TS1/pcr/m/n/1
0 '\T1/pcr/m/n/10 drug\TS1/pcr/m/n/10 '\T1/pcr/m/n/10 : \TS1/pcr/m/n/10 '\T1/pc
r/m/n/10 chembl\TS1/pcr/m/n/10 '\T1/pcr/m/n/10 , \TS1/pcr/m/n/10 '\T1/pcr/m/n/1
0 lncrna\TS1/pcr/m/n/10 '\T1/pcr/m/n/10 :
 []

[9] [10]
Underfull \hbox (badness 10000) in paragraph at lines 792--804
\T1/ptm/m/n/10 in-clude \T1/pcr/m/n/10 pypath.main.PyPath.receptor_list() \T1/p
tm/m/n/10 (\TS1/pcr/m/n/10 '\T1/pcr/m/n/10 rec\TS1/pcr/m/n/10 '\T1/ptm/m/n/10 )
, [][]\T1/pcr/m/sl/10 pypath.
 []


Underfull \hbox (badness 10000) in paragraph at lines 792--804
\T1/pcr/m/sl/10 main.PyPath.druggability_list()[][] \T1/ptm/m/n/10 (\TS1/pcr/m/
n/10 '\T1/pcr/m/n/10 dgb\TS1/pcr/m/n/10 '\T1/ptm/m/n/10 ), [][]\T1/pcr/m/sl/10 
pypath.main.PyPath.
 []


Underfull \hbox (badness 10000) in paragraph at lines 792--804
\T1/pcr/m/sl/10 kinases_list()[][] \T1/ptm/m/n/10 (\TS1/pcr/m/n/10 '\T1/pcr/m/n
/10 kin\TS1/pcr/m/n/10 '\T1/ptm/m/n/10 ), [][]\T1/pcr/m/sl/10 pypath.main.PyPat
h.tfs_list()[][] \T1/ptm/m/n/10 (\TS1/pcr/m/n/10 '\T1/pcr/m/n/10 tf\TS1/pcr/m/n
/10 '\T1/ptm/m/n/10 ),
 []


Underfull \hbox (badness 10000) in paragraph at lines 792--804
[][]\T1/pcr/m/sl/10 pypath.main.PyPath.disease_genes_list()[][] \T1/ptm/m/n/10 
(\TS1/pcr/m/n/10 '\T1/pcr/m/n/10 dis\TS1/pcr/m/n/10 '\T1/ptm/m/n/10 ), [][]\T1/
pcr/m/sl/10 pypath.
 []


Underfull \hbox (badness 10000) in paragraph at lines 792--804
\T1/pcr/m/sl/10 main.PyPath.signaling_proteins_list()[][] \T1/ptm/m/n/10 (\TS1/
pcr/m/n/10 '\T1/pcr/m/n/10 sig\TS1/pcr/m/n/10 '\T1/ptm/m/n/10 ), [][]\T1/pcr/m/
sl/10 pypath.main.
 []


Underfull \hbox (badness 10000) in paragraph at lines 792--804
\T1/pcr/m/sl/10 PyPath.proteome_list()[][] \T1/ptm/m/n/10 (\TS1/pcr/m/n/10 '\T1
/pcr/m/n/10 proteome\TS1/pcr/m/n/10 '\T1/ptm/m/n/10 ) and [][]\T1/pcr/m/sl/10 p
ypath.main.PyPath.
 []

[11]
Underfull \hbox (badness 10000) in paragraph at lines 869--871
[]\T1/pcr/b/n/10 proteomicsdb \T1/ptm/m/n/10 (\T1/pcr/m/sl/10 pypath.proteomics
db.ProteomicsDB\T1/ptm/m/n/10 ) ^^U Con-tains a
 []

[12]
Underfull \hbox (badness 10000) in paragraph at lines 1099--1099
[]\T1/ptm/m/it/10 default_attrs\T1/ptm/m/n/10 , \T1/ptm/m/it/10 orig-i-nal_name
\T1/ptm/m/n/10 , \T1/ptm/m/it/10 orig-i-nal_name_type\T1/ptm/m/n/10 , \T1/ptm/m
/it/10 ex-tra_attrs={}\T1/ptm/m/n/10 ,
 []

[13]
Underfull \hbox (badness 10000) in paragraph at lines 1213--1218
[]\T1/pcr/b/n/10 settings \T1/ptm/m/n/10 (\T1/pcr/m/sl/10 pypath.input_formats.
ReadSettings\T1/ptm/m/n/10 ) ^^U \T1/pcr/m/n/10 pypath.
 []

[14] [15]
Underfull \hbox (badness 10000) in paragraph at lines 1408--1408
[]\T1/ptm/m/it/10 chembl_mysql=None, nodes=None, crit=None, an-dor='or',
 []


Underfull \hbox (badness 10000) in paragraph at lines 1408--1408
\T1/ptm/m/it/10 as-say_types=['B', 'F'], re-la-tion-ship_types=['D', 'H'],
 []


Underfull \hbox (badness 5288) in paragraph at lines 1460--1462
[]\T1/pcr/b/n/10 **kwargs \T1/ptm/m/n/10 ^^U Ad-di-tional key-word ar-gu-ments 
for \T1/pcr/m/n/10 pypath.chembl.Chembl.
 []

[16]
Underfull \hbox (badness 7814) in paragraph at lines 1581--1581
[]\T1/ptm/m/it/10 fname='curation_stats.tex', by_category=True, use_cats=['p', 
'm', 'i', 'r'],
 []

[17] [18]
Underfull \hbox (badness 10000) in paragraph at lines 1842--1846
\T1/ptm/m/n/10 Same as \T1/pcr/m/n/10 PyPath.uniprot(), just for directed graph
. Returns \TS1/pcr/m/n/10 ``\T1/pcr/m/n/10 igraph.
 []


Underfull \hbox (badness 10000) in paragraph at lines 1869--1873
\T1/ptm/m/n/10 Same as \T1/pcr/m/n/10 PyPath.uniprot(), just for directed graph
. Returns \TS1/pcr/m/n/10 ``\T1/pcr/m/n/10 igraph.
 []

[19]
Underfull \hbox (badness 10000) in paragraph at lines 2058--2058
\T1/ptm/m/it/10 dir_sources=None\T1/ptm/m/n/10 , \T1/ptm/m/it/10 graph=None\T1/
ptm/m/n/10 , \T1/ptm/m/it/10 re-turn_object=False\T1/ptm/m/n/10 , \T1/ptm/m/it/
10 save_dot=None\T1/ptm/m/n/10 ,
 []


Underfull \hbox (badness 10000) in paragraph at lines 2058--2058
\T1/ptm/m/it/10 save_graphics=None\T1/ptm/m/n/10 , \T1/ptm/m/it/10 prog='neato'
\T1/ptm/m/n/10 , \T1/ptm/m/it/10 for-mat=None\T1/ptm/m/n/10 , \T1/ptm/m/it/10 h
ide=False\T1/ptm/m/n/10 , \T1/ptm/m/it/10 font=None\T1/ptm/m/n/10 ,
 []

[20] [21]
Underfull \hbox (badness 10000) in paragraph at lines 2255--2255
[]\T1/ptm/m/it/10 outfile=None\T1/ptm/m/n/10 , \T1/ptm/m/it/10 ex-tra_node_attr
s={}\T1/ptm/m/n/10 , \T1/ptm/m/it/10 ex-tra_edge_attrs={}\T1/ptm/m/n/10 , \T1/p
tm/m/it/10 unique_pairs=True\T1/ptm/m/n/10 ,
 []

[22]
Underfull \hbox (badness 6493) in paragraph at lines 2437--2437
[]\T1/ptm/m/it/10 proteins\T1/ptm/m/n/10 , \T1/ptm/m/it/10 all_proteins=None\T1
/ptm/m/n/10 , \T1/ptm/m/it/10 gene-set_ids=None\T1/ptm/m/n/10 , \T1/ptm/m/it/10
 al-pha=0.05\T1/ptm/m/n/10 , \T1/ptm/m/it/10 cor-rec-
 []

[23] [24]
Underfull \hbox (badness 10000) in paragraph at lines 2669--2673
[][]\T1/pcr/m/sl/10 pypath.main.PyPath.search_attr_or()[][] \T1/ptm/m/n/10 and 
[][]\T1/pcr/m/sl/10 pypath.main.PyPath.
 []

[25]
Underfull \hbox (badness 10000) in paragraph at lines 2792--2796
[][]\T1/pcr/m/sl/10 pypath.main.PyPath.search_attr_or()[][] \T1/ptm/m/n/10 and 
[][]\T1/pcr/m/sl/10 pypath.main.PyPath.
 []


Underfull \hbox (badness 10000) in paragraph at lines 2834--2834
[]\T1/ptm/m/it/10 proteins=None\T1/ptm/m/n/10 , \T1/ptm/m/it/10 as-pect='P'\T1/
ptm/m/n/10 , \T1/ptm/m/it/10 al-pha=0.05\T1/ptm/m/n/10 , \T1/ptm/m/it/10 cor-re
c-tion_method='hommel'\T1/ptm/m/n/10 ,
 []

[26] [27] [28] [29] [30]
Underfull \hbox (badness 10000) in paragraph at lines 3453--3456
\T1/ptm/m/n/10 Loads com-plexes from Com-plex-Por-tal. Loads data into ver-tex 
at-tribute
 []


Underfull \hbox (badness 10000) in paragraph at lines 3469--3472
\T1/ptm/m/n/10 Loads com-plexes from CO-RUM database. Loads data into ver-tex a
t-tribute
 []


Underfull \hbox (badness 10000) in paragraph at lines 3543--3543
[]\T1/ptm/m/it/10 methods=['self.pfam_regions', 'self.load_depod_dmi', 'self.lo
ad_dbptm',
 []


Underfull \hbox (badness 10000) in paragraph at lines 3543--3543
\T1/ptm/m/it/10 'self.load_mimp_dmi', 'self.load_pnetworks_dmi', 'self.load_dom
ino_dmi',
 []


Underfull \hbox (badness 10000) in paragraph at lines 3543--3543
\T1/ptm/m/it/10 'self.load_pepcyber', 'self.load_psite_reg', 'self.load_psite_p
hos', 'self.load_ielm',
 []

[31]
Underfull \hbox (badness 10000) in paragraph at lines 3598--3601
\T1/ptm/m/n/10 Loads com-plexes from Havugi-mana 2012. Loads data into ver-tex 
at-tribute
 []


Underfull \hbox (badness 10000) in paragraph at lines 3639--3639
[]\T1/ptm/m/it/10 lig_rec_resources=True\T1/ptm/m/n/10 , \T1/ptm/m/it/10 in-fer
-ence_from_go=True\T1/ptm/m/n/10 ,
 []


Underfull \hbox (badness 10000) in paragraph at lines 3676--3678
\T1/ptm/m/n/10 Loads ver-tex at-tributes from Ma-tri-someDB 2.0. At-tributes ar
e \T1/pcr/m/n/10 matrisome_class\T1/ptm/m/n/10 ,
 []


Underfull \hbox (badness 10000) in paragraph at lines 3716--3716
[]\T1/ptm/m/it/10 kinase_substrate_extra=False\T1/ptm/m/n/10 , \T1/ptm/m/it/10 
re-move_htp=False\T1/ptm/m/n/10 , \T1/ptm/m/it/10 htp_threshold=1\T1/ptm/m/n/10
 ,
 []


Underfull \hbox (badness 10000) in paragraph at lines 3725--3725
[]\T1/ptm/m/it/10 kinase_substrate_extra=False\T1/ptm/m/n/10 , \T1/ptm/m/it/10 
re-move_htp=True\T1/ptm/m/n/10 , \T1/ptm/m/it/10 htp_threshold=1\T1/ptm/m/n/10 
,
 []

[32]
Underfull \hbox (badness 10000) in paragraph at lines 3876--3876
[]\T1/ptm/m/it/10 input_methods=None, map_by_homology_from=[9606], ho-mol-
 []

[33]
Underfull \hbox (badness 10000) in paragraph at lines 3931--3931
[]\T1/ptm/m/it/10 settings\T1/ptm/m/n/10 , \T1/ptm/m/it/10 clean=True\T1/ptm/m/
n/10 , \T1/ptm/m/it/10 cache_files={}\T1/ptm/m/n/10 , \T1/ptm/m/it/10 reread=No
ne\T1/ptm/m/n/10 , \T1/ptm/m/it/10 re-down-load=False\T1/ptm/m/n/10 ,
 []


Underfull \hbox (badness 10000) in paragraph at lines 3937--3940
[]\T1/pcr/b/n/10 settings \T1/ptm/m/n/10 (\T1/pcr/m/sl/10 pypath.input_formats.
ReadSettings\T1/ptm/m/n/10 ) ^^U \T1/pcr/m/n/10 pypath.
 []


Underfull \hbox (badness 10000) in paragraph at lines 3971--3971
[]\T1/ptm/m/it/10 lst=None\T1/ptm/m/n/10 , \T1/ptm/m/it/10 ex-clude=[]\T1/ptm/m
/n/10 , \T1/ptm/m/it/10 cache_files={}\T1/ptm/m/n/10 , \T1/ptm/m/it/10 reread=F
alse\T1/ptm/m/n/10 , \T1/ptm/m/it/10 re-down-load=False\T1/ptm/m/n/10 ,
 []

[34]
Underfull \hbox (badness 10000) in paragraph at lines 4058--4064
\T1/ptm/m/n/10 Creates ver-tex at-tributes from Vesi-cle-pe-dia data. Cre-ates 
a boolean at-tribute
 []

[35] [36] [37]
Underfull \hbox (badness 7186) in paragraph at lines 4391--4391
[]\T1/ptm/m/it/10 node_categories\T1/ptm/m/n/10 , \T1/ptm/m/it/10 net-work_sour
ces=None\T1/ptm/m/n/10 , \T1/ptm/m/it/10 in-clude=None\T1/ptm/m/n/10 , \T1/ptm/
m/it/10 ex-clude=None\T1/ptm/m/n/10 , \T1/ptm/m/it/10 di-
 []

[38] [39]
Underfull \hbox (badness 10000) in paragraph at lines 4732--4732
[]\T1/ptm/m/it/10 dirs\T1/ptm/m/n/10 , \T1/ptm/m/it/10 name\T1/ptm/m/n/10 , \T1
/ptm/m/it/10 di-rected=None\T1/ptm/m/n/10 , \T1/ptm/m/it/10 stim-u-la-tion=None
\T1/ptm/m/n/10 , \T1/ptm/m/it/10 in-hi-bi-tion=None\T1/ptm/m/n/10 ,
 []

[40]
LaTeX Font Info:    Font shape `T1/pcr/bx/n' in size <9> not available
(Font)              Font shape `T1/pcr/b/n' tried instead on input line 4879.

Underfull \hbox (badness 10000) in paragraph at lines 4919--4925
[]\T1/pcr/b/n/10 param \T1/ptm/m/n/10 (\T1/pcr/m/sl/10 pypath.input_formats.Rea
dSettings\T1/ptm/m/n/10 ) ^^U \T1/pcr/m/n/10 pypath.
 []

[41]
Underfull \hbox (badness 10000) in paragraph at lines 4980--4983
[]\T1/pcr/b/n/10 settings \T1/ptm/m/n/10 (\T1/pcr/m/sl/10 pypath.input_formats.
ReadList\T1/ptm/m/n/10 ) ^^U \T1/pcr/m/n/10 python.
 []

[42] [43] [44] [45]
Underfull \hbox (badness 10000) in paragraph at lines 5490--5492
[]\T1/pcr/b/n/10 **kwargs \T1/ptm/m/n/10 ^^U Ad-di-tional key-word ar-gu-ments 
passed to \T1/pcr/m/n/10 igraph.Graph.
 []

[46] [47] [48] [49] [50]
LaTeX Font Info:    Font shape `T1/ptm/bx/it' in size <10> not available
(Font)              Font shape `T1/ptm/b/it' tried instead on input line 6238.
LaTeX Font Info:    Font shape `TS1/pcr/bx/n' in size <10> not available
(Font)              Font shape `TS1/pcr/b/n' tried instead on input line 1.
 [51] [52] [53] [54] [55] [56]
Chapter 3.
[57

]
Underfull \hbox (badness 10000) in paragraph at lines 1--7041
[][][]$\T1/ptm/m/n/10 http : / / omnipathdb . org / interactions / ?genesymbols
 = 1 & ^^\elds = type ,[] ncbi _ tax _ id ,[] tfregulons _ level &
 []


Underfull \hbox (badness 10000) in paragraph at lines 1--7048
[][][]$\T1/ptm/m/n/10 http : / / omnipathdb . org / interactions / ?genesymbols
 = 1 & ^^\elds = sources & databases = PhosphoNetworks &
 []


Underfull \hbox (badness 10000) in paragraph at lines 1--7054
[][][]$\T1/ptm/m/n/10 http : / / omnipathdb . org / interactions / ?genesymbols
 = 1 & ^^\elds = sources ,[] references & databases = Signor ,[]
 []


Underfull \hbox (badness 10000) in paragraph at lines 1--7068
[][][]$\T1/ptm/m/n/10 http : / / omnipathdb . org / interactions / ?genesymbols
 = 1 & ^^\elds = sources ,[] references & sources = ATG3 ,[]
 []


Underfull \hbox (badness 10000) in paragraph at lines 1--7068
\T1/ptm/m/n/10 ATG7 ,[] ATG4B ,[] SQSTM1 & targets = MAP1LC3B ,[] MAP1LC3A ,[] 
MAP1LC3C ,[] Q9H0R8 ,[] GABARAP ,[]
 []


Underfull \hbox (badness 10000) in paragraph at lines 1--7075
[][][]$\T1/ptm/m/n/10 http : / / omnipathdb . org / interactions / ?genesymbols
 = 1 & ^^\elds = sources ,[] references & datasets = mirnatarget &
 []


Underfull \hbox (badness 10000) in paragraph at lines 1--7097
[][][]$\T1/ptm/m/n/10 http : / / omnipathdb . org / ptms ? genesymbols = 1 & ^^
\elds = sources ,[] references & types = acetylation & organisms =
 []


Underfull \hbox (badness 10000) in paragraph at lines 1--7104
[][][]$\T1/ptm/m/n/10 http : / / omnipathdb . org / ptms ? genesymbols = 1 & ^^
\elds = sources ,[] references & organisms = 10116 & databases =
 []

[58]
Chapter 4.
[59

] [60]
Chapter 5.
[61

] [62]
Chapter 6.
[63

] [64

] [65


] (./pypath.ind [66


]
Underfull \hbox (badness 10000) in paragraph at lines 8--9
[]\T1/pcr/m/n/10 AbstractComplexResource \T1/ptm/m/n/10 (\T1/ptm/m/it/10 class 
in py-
 []


Underfull \hbox (badness 10000) in paragraph at lines 11--12
[]\T1/pcr/m/n/10 add_grouped_eattr() \T1/ptm/m/n/10 (\T1/ptm/m/it/10 py-path.ma
in.PyPath
 []


Underfull \hbox (badness 10000) in paragraph at lines 16--17
[]\T1/pcr/m/n/10 add_update_vertex() \T1/ptm/m/n/10 (\T1/ptm/m/it/10 py-path.ma
in.PyPath
 []


Underfull \hbox (badness 10000) in paragraph at lines 21--22
[]\T1/pcr/m/n/10 all_uniprots() \T1/ptm/m/n/10 (\T1/ptm/m/it/10 py-path.annot.A
nnotationBase
 []


Underfull \hbox (badness 10000) in paragraph at lines 31--32
[]\T1/pcr/m/n/10 basic_stats_intergroup() \T1/ptm/m/n/10 (\T1/ptm/m/it/10 py-
 []


Underfull \hbox (badness 10000) in paragraph at lines 35--36
[]\T1/pcr/m/n/10 cancer_drivers_list() \T1/ptm/m/n/10 (\T1/ptm/m/it/10 py-path.
main.PyPath
 []


Underfull \hbox (badness 10000) in paragraph at lines 36--37
[]\T1/pcr/m/n/10 cancer_gene_census_list() \T1/ptm/m/n/10 (\T1/ptm/m/it/10 py-
 []


Underfull \hbox (badness 10000) in paragraph at lines 40--41
[]\T1/pcr/m/n/10 CellSurfaceProteinAtlas \T1/ptm/m/n/10 (\T1/ptm/m/it/10 class 
in py-
 []


Underfull \hbox (badness 10000) in paragraph at lines 44--45
[]\T1/pcr/m/n/10 collapse_by_name() \T1/ptm/m/n/10 (\T1/ptm/m/it/10 py-path.mai
n.PyPath
 []


Underfull \hbox (badness 10000) in paragraph at lines 48--50
[]\T1/pcr/m/n/10 complex_comembership_network() \T1/ptm/m/n/10 (\T1/ptm/m/it/10
 py-
 []


Underfull \hbox (badness 10000) in paragraph at lines 52--53
[]\T1/pcr/m/n/10 complexes_in_network() \T1/ptm/m/n/10 (\T1/ptm/m/it/10 py-path
.main.PyPath
 []


Underfull \hbox (badness 10000) in paragraph at lines 55--56
[]\T1/pcr/m/n/10 consensus_edges() \T1/ptm/m/n/10 (\T1/ptm/m/it/10 py-path.main
.Direction
 []


Underfull \hbox (badness 10000) in paragraph at lines 73--74
[]\T1/pcr/m/n/10 databases_similarity() \T1/ptm/m/n/10 (\T1/ptm/m/it/10 py-path
.main.PyPath
 []

[67

]
Underfull \hbox (badness 10000) in paragraph at lines 76--77
[]\T1/pcr/m/n/10 delete_by_organism() \T1/ptm/m/n/10 (\T1/ptm/m/it/10 py-path.m
ain.PyPath
 []


Underfull \hbox (badness 10000) in paragraph at lines 77--78
[]\T1/pcr/m/n/10 delete_by_source() \T1/ptm/m/n/10 (\T1/ptm/m/it/10 py-path.mai
n.PyPath
 []


Underfull \hbox (badness 10000) in paragraph at lines 85--86
[]\T1/pcr/m/n/10 disease_genes_list() \T1/ptm/m/n/10 (\T1/ptm/m/it/10 py-path.m
ain.PyPath
 []


Underfull \hbox (badness 10000) in paragraph at lines 90--91
[]\T1/pcr/m/n/10 druggability_list() \T1/ptm/m/n/10 (\T1/ptm/m/it/10 py-path.ma
in.PyPath
 []


Underfull \hbox (badness 10000) in paragraph at lines 105--106
[]\T1/pcr/m/n/10 edges_expression() \T1/ptm/m/n/10 (\T1/ptm/m/it/10 py-path.mai
n.PyPath
 []


Underfull \hbox (badness 10000) in paragraph at lines 106--107
[]\T1/pcr/m/n/10 edges_in_comlexes() \T1/ptm/m/n/10 (\T1/ptm/m/it/10 py-path.ma
in.PyPath
 []


Underfull \hbox (badness 10000) in paragraph at lines 115--116
[]\T1/pcr/m/n/10 export_struct_tab() \T1/ptm/m/n/10 (\T1/ptm/m/it/10 py-path.ma
in.PyPath
 []


Underfull \hbox (badness 10000) in paragraph at lines 124--125
[]\T1/pcr/m/n/10 first_neighbours() \T1/ptm/m/n/10 (\T1/ptm/m/it/10 py-path.mai
n.PyPath
 []


Underfull \hbox (badness 10000) in paragraph at lines 125--126
[]\T1/pcr/m/n/10 fisher_enrichment() \T1/ptm/m/n/10 (\T1/ptm/m/it/10 py-path.ma
in.PyPath
 []


Underfull \hbox (badness 10000) in paragraph at lines 129--130
[]\T1/pcr/m/n/10 geneset_enrichment() \T1/ptm/m/n/10 (\T1/ptm/m/it/10 py-path.m
ain.PyPath
 []


Underfull \hbox (badness 10000) in paragraph at lines 131--132
[]\T1/pcr/m/n/10 genesymbol_labels() \T1/ptm/m/n/10 (\T1/ptm/m/it/10 py-path.ma
in.PyPath
 []


Underfull \hbox (badness 10000) in paragraph at lines 153--154
[]\T1/pcr/m/n/10 get_proteomicsdb() \T1/ptm/m/n/10 (\T1/ptm/m/it/10 py-path.mai
n.PyPath
 []


Underfull \hbox (badness 10000) in paragraph at lines 156--157
[]\T1/pcr/m/n/10 get_subset() \T1/ptm/m/n/10 (\T1/ptm/m/it/10 py-path.annot.Ann
otationBase
 []


Underfull \hbox (badness 10000) in paragraph at lines 158--159
[]\T1/pcr/m/n/10 go_annotate_graph() \T1/ptm/m/n/10 (\T1/ptm/m/it/10 py-path.ma
in.PyPath
 []

[68]
Underfull \hbox (badness 10000) in paragraph at lines 166--167
[]\T1/pcr/m/n/10 gs_in_undirected() \T1/ptm/m/n/10 (\T1/ptm/m/it/10 py-path.mai
n.PyPath
 []


Underfull \hbox (badness 10000) in paragraph at lines 171--172
[]\T1/pcr/m/n/10 gs_stimulated_by() \T1/ptm/m/n/10 (\T1/ptm/m/it/10 py-path.mai
n.PyPath
 []


Underfull \hbox (badness 10000) in paragraph at lines 187--188
[]\T1/pcr/m/n/10 homology_translation() \T1/ptm/m/n/10 (\T1/ptm/m/it/10 py-path
.main.PyPath
 []


Underfull \hbox (badness 10000) in paragraph at lines 200--201
[]\T1/pcr/m/n/10 init_complex_attr() \T1/ptm/m/n/10 (\T1/ptm/m/it/10 py-path.ma
in.PyPath
 []


Underfull \hbox (badness 10000) in paragraph at lines 206--207
[]\T1/pcr/m/n/10 init_vertex_attr() \T1/ptm/m/n/10 (\T1/ptm/m/it/10 py-path.mai
n.PyPath
 []


Underfull \hbox (badness 10000) in paragraph at lines 209--211
[]\T1/pcr/m/n/10 intergroup_shortest_paths() \T1/ptm/m/n/10 (\T1/ptm/m/it/10 py
-
 []


Underfull \hbox (badness 10000) in paragraph at lines 211--213
[]\T1/pcr/m/n/10 intogen_cancer_drivers_list() \T1/ptm/m/n/10 (\T1/ptm/m/it/10 
py-
 []


Underfull \hbox (badness 10000) in paragraph at lines 216--217
[]\T1/pcr/m/n/10 iter_interactions() \T1/ptm/m/n/10 (\T1/ptm/m/it/10 py-path.ma
in.PyPath
 []


Underfull \hbox (badness 10000) in paragraph at lines 237--238
[]\T1/pcr/m/n/10 laudanna_directions() \T1/ptm/m/n/10 (\T1/ptm/m/it/10 py-path.
main.PyPath
 []


Underfull \hbox (badness 10000) in paragraph at lines 238--239
[]\T1/pcr/m/n/10 laudanna_effects() \T1/ptm/m/n/10 (\T1/ptm/m/it/10 py-path.mai
n.PyPath
 []


Underfull \hbox (badness 10000) in paragraph at lines 241--242
[]\T1/pcr/m/n/10 list_resources() \T1/ptm/m/n/10 (\T1/ptm/m/it/10 py-path.main.
PyPath static
 []


Underfull \hbox (badness 10000) in paragraph at lines 242--243
[]\T1/pcr/m/n/10 load_3dcomplexes() \T1/ptm/m/n/10 (\T1/ptm/m/it/10 py-path.mai
n.PyPath
 []


Underfull \hbox (badness 10000) in paragraph at lines 246--247
[]\T1/pcr/m/n/10 load_3did_interfaces() \T1/ptm/m/n/10 (\T1/ptm/m/it/10 py-path
.main.PyPath
 []


Underfull \hbox (badness 10000) in paragraph at lines 247--248
[]\T1/pcr/m/n/10 load_all_pathways() \T1/ptm/m/n/10 (\T1/ptm/m/it/10 py-path.ma
in.PyPath
 []


Underfull \hbox (badness 10000) in paragraph at lines 249--250
[]\T1/pcr/m/n/10 load_complexportal() \T1/ptm/m/n/10 (\T1/ptm/m/it/10 py-path.m
ain.PyPath
 []

[69]
Underfull \hbox (badness 10000) in paragraph at lines 261--262
[]\T1/pcr/m/n/10 load_exocarta_attrs() \T1/ptm/m/n/10 (\T1/ptm/m/it/10 py-path.
main.PyPath
 []


Underfull \hbox (badness 10000) in paragraph at lines 269--270
[]\T1/pcr/m/n/10 load_li2012_ptms() \T1/ptm/m/n/10 (\T1/ptm/m/it/10 py-path.mai
n.PyPath
 []


Underfull \hbox (badness 10000) in paragraph at lines 270--272
[]\T1/pcr/m/n/10 load_ligand_receptor_network() \T1/ptm/m/n/10 (\T1/ptm/m/it/10
 py-
 []


Underfull \hbox (badness 10000) in paragraph at lines 274--275
[]\T1/pcr/m/n/10 load_matrisome_attrs() \T1/ptm/m/n/10 (\T1/ptm/m/it/10 py-path
.main.PyPath
 []


Underfull \hbox (badness 10000) in paragraph at lines 279--280
[]\T1/pcr/m/n/10 load_old_omnipath() \T1/ptm/m/n/10 (\T1/ptm/m/it/10 py-path.ma
in.PyPath
 []


Underfull \hbox (badness 10000) in paragraph at lines 287--288
[]\T1/pcr/m/n/10 load_phospho_dmi() \T1/ptm/m/n/10 (\T1/ptm/m/it/10 py-path.mai
n.PyPath
 []


Underfull \hbox (badness 10000) in paragraph at lines 290--291
[]\T1/pcr/m/n/10 load_pnetworks_dmi() \T1/ptm/m/n/10 (\T1/ptm/m/it/10 py-path.m
ain.PyPath
 []


Underfull \hbox (badness 10000) in paragraph at lines 297--298
[]\T1/pcr/m/n/10 load_signor_ptms() \T1/ptm/m/n/10 (\T1/ptm/m/it/10 py-path.mai
n.PyPath
 []


Underfull \hbox (badness 10000) in paragraph at lines 300--301
[]\T1/pcr/m/n/10 load_uniprots() \T1/ptm/m/n/10 (\T1/ptm/m/it/10 py-path.annot.
AnnotationBase
 []


Underfull \hbox (badness 10000) in paragraph at lines 301--302
[]\T1/pcr/m/n/10 load_vesiclepedia_attrs() \T1/ptm/m/n/10 (\T1/ptm/m/it/10 py-
 []


Underfull \hbox (badness 10000) in paragraph at lines 315--317
[]\T1/pcr/m/n/10 mean_reference_per_interaction() \T1/ptm/m/n/10 (\T1/ptm/m/it/
10 py-
 []


Underfull \hbox (badness 10000) in paragraph at lines 329--330
[]\T1/pcr/m/n/10 negative_reverse() \T1/ptm/m/n/10 (\T1/ptm/m/it/10 py-path.mai
n.Direction
 []


Underfull \hbox (badness 10000) in paragraph at lines 330--332
[]\T1/pcr/m/n/10 negative_sources_reverse() \T1/ptm/m/n/10 (\T1/ptm/m/it/10 py-

 []

[70]
Underfull \hbox (badness 10000) in paragraph at lines 332--334
[]\T1/pcr/m/n/10 negative_sources_straight() \T1/ptm/m/n/10 (\T1/ptm/m/it/10 py
-
 []


Underfull \hbox (badness 10000) in paragraph at lines 334--335
[]\T1/pcr/m/n/10 negative_straight() \T1/ptm/m/n/10 (\T1/ptm/m/it/10 py-path.ma
in.Direction
 []


Underfull \hbox (badness 10000) in paragraph at lines 344--345
[]\T1/pcr/m/n/10 numof_directed_edges() \T1/ptm/m/n/10 (\T1/ptm/m/it/10 py-path
.main.PyPath
 []


Underfull \hbox (badness 10000) in paragraph at lines 347--348
[]\T1/pcr/m/n/10 numof_references() \T1/ptm/m/n/10 (\T1/ptm/m/it/10 py-path.mai
n.PyPath
 []


Underfull \hbox (badness 10000) in paragraph at lines 348--349
[]\T1/pcr/m/n/10 numof_undirected_edges() \T1/ptm/m/n/10 (\T1/ptm/m/it/10 py-
 []


Underfull \hbox (badness 10000) in paragraph at lines 358--359
[]\T1/pcr/m/n/10 pathway_attributes() \T1/ptm/m/n/10 (\T1/ptm/m/it/10 py-path.m
ain.PyPath
 []


Underfull \hbox (badness 10000) in paragraph at lines 361--362
[]\T1/pcr/m/n/10 pathway_similarity() \T1/ptm/m/n/10 (\T1/ptm/m/it/10 py-path.m
ain.PyPath
 []


Underfull \hbox (badness 10000) in paragraph at lines 365--367
[]\T1/pcr/m/n/10 phosphonetworks_directions() \T1/ptm/m/n/10 (\T1/ptm/m/it/10 p
y-
 []


Underfull \hbox (badness 10000) in paragraph at lines 367--368
[]\T1/pcr/m/n/10 phosphopoint_directions() \T1/ptm/m/n/10 (\T1/ptm/m/it/10 py-
 []


Underfull \hbox (badness 10000) in paragraph at lines 368--370
[]\T1/pcr/m/n/10 phosphorylation_directions() \T1/ptm/m/n/10 (\T1/ptm/m/it/10 p
y-
 []


Underfull \hbox (badness 10000) in paragraph at lines 371--372
[]\T1/pcr/m/n/10 phosphosite_directions() \T1/ptm/m/n/10 (\T1/ptm/m/it/10 py-
 []


Underfull \hbox (badness 10000) in paragraph at lines 372--373
[]\T1/pcr/m/n/10 positive_reverse() \T1/ptm/m/n/10 (\T1/ptm/m/it/10 py-path.mai
n.Direction
 []


Underfull \hbox (badness 10000) in paragraph at lines 373--375
[]\T1/pcr/m/n/10 positive_sources_reverse() \T1/ptm/m/n/10 (\T1/ptm/m/it/10 py-

 []


Underfull \hbox (badness 10000) in paragraph at lines 375--377
[]\T1/pcr/m/n/10 positive_sources_straight() \T1/ptm/m/n/10 (\T1/ptm/m/it/10 py
-
 []


Underfull \hbox (badness 10000) in paragraph at lines 377--378
[]\T1/pcr/m/n/10 positive_straight() \T1/ptm/m/n/10 (\T1/ptm/m/it/10 py-path.ma
in.Direction
 []


Underfull \hbox (badness 10000) in paragraph at lines 378--379
[]\T1/pcr/m/n/10 prdb_tissue_expr() \T1/ptm/m/n/10 (\T1/ptm/m/it/10 py-path.mai
n.PyPath
 []


Underfull \hbox (badness 10000) in paragraph at lines 379--380
[]\T1/pcr/m/n/10 process_direction() \T1/ptm/m/n/10 (\T1/ptm/m/it/10 py-path.ma
in.PyPath
 []


Underfull \hbox (badness 10000) in paragraph at lines 380--381
[]\T1/pcr/m/n/10 process_directions() \T1/ptm/m/n/10 (\T1/ptm/m/it/10 py-path.m
ain.PyPath
 []


Underfull \hbox (badness 10000) in paragraph at lines 399--400
[]\T1/pcr/m/n/10 random_walk_with_return() \T1/ptm/m/n/10 (\T1/ptm/m/it/10 py-
 []


Underfull \hbox (badness 10000) in paragraph at lines 400--402
[]\T1/pcr/m/n/10 random_walk_with_return2() \T1/ptm/m/n/10 (\T1/ptm/m/it/10 py-

 []


Underfull \hbox (badness 10000) in paragraph at lines 406--407
[]\T1/pcr/m/n/10 reference_edge_ratio() \T1/ptm/m/n/10 (\T1/ptm/m/it/10 py-path
.main.PyPath
 []


Underfull \hbox (badness 10000) in paragraph at lines 411--412
[]\T1/pcr/m/n/10 remove_undirected() \T1/ptm/m/n/10 (\T1/ptm/m/it/10 py-path.ma
in.PyPath
 []

[71]
Underfull \hbox (badness 10000) in paragraph at lines 421--422
[]\T1/pcr/m/n/10 second_neighbours() \T1/ptm/m/n/10 (\T1/ptm/m/it/10 py-path.ma
in.PyPath
 []


Underfull \hbox (badness 10000) in paragraph at lines 423--424
[]\T1/pcr/m/n/10 select_by_go_all() \T1/ptm/m/n/10 (\T1/ptm/m/it/10 py-path.mai
n.PyPath
 []


Underfull \hbox (badness 10000) in paragraph at lines 424--425
[]\T1/pcr/m/n/10 select_by_go_expr() \T1/ptm/m/n/10 (\T1/ptm/m/it/10 py-path.ma
in.PyPath
 []


Underfull \hbox (badness 10000) in paragraph at lines 426--427
[]\T1/pcr/m/n/10 separate_by_category() \T1/ptm/m/n/10 (\T1/ptm/m/it/10 py-path
.main.PyPath
 []


Underfull \hbox (badness 10000) in paragraph at lines 428--429
[]\T1/pcr/m/n/10 set_boolean_vattr() \T1/ptm/m/n/10 (\T1/ptm/m/it/10 py-path.ma
in.PyPath
 []


Underfull \hbox (badness 10000) in paragraph at lines 430--431
[]\T1/pcr/m/n/10 set_chembl_mysql() \T1/ptm/m/n/10 (\T1/ptm/m/it/10 py-path.mai
n.PyPath
 []


Underfull \hbox (badness 10000) in paragraph at lines 432--433
[]\T1/pcr/m/n/10 set_disease_genes() \T1/ptm/m/n/10 (\T1/ptm/m/it/10 py-path.ma
in.PyPath
 []


Underfull \hbox (badness 10000) in paragraph at lines 433--434
[]\T1/pcr/m/n/10 set_druggability() \T1/ptm/m/n/10 (\T1/ptm/m/it/10 py-path.mai
n.PyPath
 []


Overfull \hbox (46.1225pt too wide) in paragraph at lines 438--440
[]\T1/pcr/m/n/10 set_plasma_membrane_proteins_cspa_surfaceome()
 []


Overfull \hbox (16.1225pt too wide) in paragraph at lines 440--442
[]\T1/pcr/m/n/10 set_plasma_membrane_proteins_surfaceome()
 []


Underfull \hbox (badness 10000) in paragraph at lines 444--445
[]\T1/pcr/m/n/10 set_signaling_proteins() \T1/ptm/m/n/10 (\T1/ptm/m/it/10 py-
 []


Underfull \hbox (badness 10000) in paragraph at lines 446--448
[]\T1/pcr/m/n/10 set_transcription_factors() \T1/ptm/m/n/10 (\T1/ptm/m/it/10 py
-
 []


Underfull \hbox (badness 10000) in paragraph at lines 448--449
[]\T1/pcr/m/n/10 shortest_path_dist() \T1/ptm/m/n/10 (\T1/ptm/m/it/10 py-path.m
ain.PyPath
 []


Underfull \hbox (badness 10000) in paragraph at lines 449--450
[]\T1/pcr/m/n/10 signaling_proteins_list() \T1/ptm/m/n/10 (\T1/ptm/m/it/10 py-
 []


Underfull \hbox (badness 10000) in paragraph at lines 452--453
[]\T1/pcr/m/n/10 similarity_groups() \T1/ptm/m/n/10 (\T1/ptm/m/it/10 py-path.ma
in.PyPath
 []


Underfull \hbox (badness 10000) in paragraph at lines 454--455
[]\T1/pcr/m/n/10 sorensen_pathways() \T1/ptm/m/n/10 (\T1/ptm/m/it/10 py-path.ma
in.PyPath
 []


Underfull \hbox (badness 10000) in paragraph at lines 458--459
[]\T1/pcr/m/n/10 source_similarity() \T1/ptm/m/n/10 (\T1/ptm/m/it/10 py-path.ma
in.PyPath
 []


Underfull \hbox (badness 10000) in paragraph at lines 462--463
[]\T1/pcr/m/n/10 sources_reverse() \T1/ptm/m/n/10 (\T1/ptm/m/it/10 py-path.main
.Direction
 []


Underfull \hbox (badness 10000) in paragraph at lines 463--464
[]\T1/pcr/m/n/10 sources_straight() \T1/ptm/m/n/10 (\T1/ptm/m/it/10 py-path.mai
n.Direction
 []


Underfull \hbox (badness 10000) in paragraph at lines 464--465
[]\T1/pcr/m/n/10 sources_undirected() \T1/ptm/m/n/10 (\T1/ptm/m/it/10 py-path.m
ain.Direction
 []


Underfull \hbox (badness 10000) in paragraph at lines 465--466
[]\T1/pcr/m/n/10 sources_venn_data() \T1/ptm/m/n/10 (\T1/ptm/m/it/10 py-path.ma
in.PyPath
 []


Underfull \hbox (badness 10000) in paragraph at lines 468--469
[]\T1/pcr/m/n/10 straight_between() \T1/ptm/m/n/10 (\T1/ptm/m/it/10 py-path.mai
n.PyPath
 []


Underfull \hbox (badness 10000) in paragraph at lines 480--481
[]\T1/pcr/m/n/10 third_source_directions() \T1/ptm/m/n/10 (\T1/ptm/m/it/10 py-
 []

[72]
Underfull \hbox (badness 10000) in paragraph at lines 500--501
[]\T1/pcr/m/n/10 up_in_undirected() \T1/ptm/m/n/10 (\T1/ptm/m/it/10 py-path.mai
n.PyPath
 []


Underfull \hbox (badness 10000) in paragraph at lines 505--506
[]\T1/pcr/m/n/10 up_stimulated_by() \T1/ptm/m/n/10 (\T1/ptm/m/it/10 py-path.mai
n.PyPath
 []


Underfull \hbox (badness 10000) in paragraph at lines 511--512
[]\T1/pcr/m/n/10 update_pathway_types() \T1/ptm/m/n/10 (\T1/ptm/m/it/10 py-path
.main.PyPath
 []

[73])
Package atveryend Info: Empty hook `BeforeClearDocument' on input line 7348.
Package atveryend Info: Empty hook `AfterLastShipout' on input line 7348.
 (./pypath.aux)
Package atveryend Info: Executing hook `AtVeryEndDocument' on input line 7348.
Package atveryend Info: Executing hook `AtEndAfterFileList' on input line 7348.

Package rerunfilecheck Info: File `pypath.out' has not changed.
(rerunfilecheck)             Checksum: 3796E5E82F254C9CBD02F0FF72AB4566;5111.
Package atveryend Info: Empty hook `AtVeryVeryEnd' on input line 7348.
 ) 
Here is how much of TeX's memory you used:
 14456 strings out of 494561
 213856 string characters out of 6177454
 319232 words of memory out of 5000000
 17250 multiletter control sequences out of 15000+600000
 54566 words of font info for 78 fonts, out of 8000000 for 9000
 15 hyphenation exceptions out of 8191
 37i,16n,51p,786b,665s stack positions out of 5000i,500n,10000p,200000b,80000s
{/usr/share/texlive/texmf-dist/fonts/enc/dvips/base/8r.enc}</usr/share/texliv
e/texmf-dist/fonts/type1/public/amsfonts/cm/cmex10.pfb></usr/share/texlive/texm
f-dist/fonts/type1/public/amsfonts/cm/cmr10.pfb></usr/share/texlive/texmf-dist/
fonts/type1/public/amsfonts/cm/cmr7.pfb></usr/share/texlive/texmf-dist/fonts/ty
pe1/urw/courier/ucrb8a.pfb></usr/share/texlive/texmf-dist/fonts/type1/urw/couri
er/ucrr8a.pfb></usr/share/texlive/texmf-dist/fonts/type1/urw/courier/ucrro8a.pf
b></usr/share/texlive/texmf-dist/fonts/type1/urw/helvetic/uhvb8a.pfb></usr/shar
e/texlive/texmf-dist/fonts/type1/urw/helvetic/uhvbo8a.pfb></usr/share/texlive/t
exmf-dist/fonts/type1/urw/helvetic/uhvr8a.pfb></usr/share/texlive/texmf-dist/fo
nts/type1/urw/times/utmb8a.pfb></usr/share/texlive/texmf-dist/fonts/type1/urw/t
imes/utmbi8a.pfb></usr/share/texlive/texmf-dist/fonts/type1/urw/times/utmr8a.pf
b></usr/share/texlive/texmf-dist/fonts/type1/urw/times/utmri8a.pfb>
Output written on pypath.pdf (77 pages, 362809 bytes).
PDF statistics:
 1718 PDF objects out of 1728 (max. 8388607)
 1604 compressed objects within 17 object streams
 560 named destinations out of 1000 (max. 500000)
 365 words of extra memory for PDF output out of 10000 (max. 10000000)

