\BOOKMARK [0][-]{chapter.1}{\376\377\000I\000n\000s\000t\000a\000l\000l\000a\000t\000i\000o\000n}{}% 1
\BOOKMARK [1][-]{section.1.1}{\376\377\000L\000i\000n\000u\000x}{chapter.1}% 2
\BOOKMARK [2][-]{subsection.1.1.1}{\376\377\000i\000g\000r\000a\000p\000h\000\040\000C\000\040\000l\000i\000b\000r\000a\000r\000y\000,\000\040\000c\000a\000i\000r\000o\000\040\000a\000n\000d\000\040\000p\000y\000c\000a\000i\000r\000o}{section.1.1}% 3
\BOOKMARK [2][-]{subsection.1.1.2}{\376\377\000D\000i\000r\000e\000c\000t\000l\000y\000\040\000f\000r\000o\000m\000\040\000g\000i\000t}{section.1.1}% 4
\BOOKMARK [2][-]{subsection.1.1.3}{\376\377\000W\000i\000t\000h\000\040\000p\000i\000p}{section.1.1}% 5
\BOOKMARK [2][-]{subsection.1.1.4}{\376\377\000B\000u\000i\000l\000d\000\040\000s\000o\000u\000r\000c\000e\000\040\000d\000i\000s\000t\000r\000i\000b\000u\000t\000i\000o\000n}{section.1.1}% 6
\BOOKMARK [1][-]{section.1.2}{\376\377\000M\000a\000c\000\040\000O\000S\000\040\000X}{chapter.1}% 7
\BOOKMARK [2][-]{subsection.1.2.1}{\376\377\000T\000r\000o\000u\000b\000l\000e\000s\000h\000o\000o\000t\000i\000n\000g}{section.1.2}% 8
\BOOKMARK [1][-]{section.1.3}{\376\377\000M\000i\000c\000r\000o\000s\000o\000f\000t\000\040\000W\000i\000n\000d\000o\000w\000s}{chapter.1}% 9
\BOOKMARK [2][-]{subsection.1.3.1}{\376\377\000W\000i\000t\000h\000\040\000A\000n\000a\000c\000o\000n\000d\000a}{section.1.3}% 10
\BOOKMARK [2][-]{subsection.1.3.2}{\376\377\000W\000i\000t\000h\000\040\000o\000t\000h\000e\000r\000\040\000P\000y\000t\000h\000o\000n\000\040\000d\000i\000s\000t\000r\000i\000b\000u\000t\000i\000o\000n\000s}{section.1.3}% 11
\BOOKMARK [2][-]{subsection.1.3.3}{\376\377\000K\000n\000o\000w\000n\000\040\000i\000s\000s\000u\000e\000s}{section.1.3}% 12
\BOOKMARK [0][-]{chapter.2}{\376\377\000R\000e\000f\000e\000r\000e\000n\000c\000e}{}% 13
\BOOKMARK [1][-]{section.2.1}{\376\377\000a\000n\000n\000o\000t\000\040\000m\000o\000d\000u\000l\000e}{chapter.2}% 14
\BOOKMARK [1][-]{section.2.2}{\376\377\000b\000e\000l\000\040\000m\000o\000d\000u\000l\000e}{chapter.2}% 15
\BOOKMARK [1][-]{section.2.3}{\376\377\000c\000o\000m\000p\000l\000e\000x\000\040\000m\000o\000d\000u\000l\000e}{chapter.2}% 16
\BOOKMARK [1][-]{section.2.4}{\376\377\000i\000n\000t\000e\000r\000a\000\040\000m\000o\000d\000u\000l\000e}{chapter.2}% 17
\BOOKMARK [1][-]{section.2.5}{\376\377\000i\000n\000t\000e\000r\000c\000e\000l\000l\000\040\000m\000o\000d\000u\000l\000e}{chapter.2}% 18
\BOOKMARK [1][-]{section.2.6}{\376\377\000m\000a\000i\000n\000\040\000m\000o\000d\000u\000l\000e}{chapter.2}% 19
\BOOKMARK [1][-]{section.2.7}{\376\377\000p\000t\000m\000\040\000m\000o\000d\000u\000l\000e}{chapter.2}% 20
\BOOKMARK [0][-]{chapter.3}{\376\377\000W\000e\000b\000s\000e\000r\000v\000i\000c\000e}{}% 21
\BOOKMARK [1][-]{section.3.1}{\376\377\000M\000o\000u\000s\000e\000\040\000a\000n\000d\000\040\000r\000a\000t}{chapter.3}% 22
\BOOKMARK [1][-]{section.3.2}{\376\377\000E\000x\000a\000m\000p\000l\000e\000s}{chapter.3}% 23
\BOOKMARK [0][-]{chapter.4}{\376\377\000R\000e\000l\000e\000a\000s\000e\000\040\000h\000i\000s\000t\000o\000r\000y}{}% 24
\BOOKMARK [1][-]{section.4.1}{\376\377\0000\000.\0001\000.\0000}{chapter.4}% 25
\BOOKMARK [1][-]{section.4.2}{\376\377\0000\000.\0002\000.\0000}{chapter.4}% 26
\BOOKMARK [1][-]{section.4.3}{\376\377\0000\000.\0003\000.\0000}{chapter.4}% 27
\BOOKMARK [1][-]{section.4.4}{\376\377\0000\000.\0004\000.\0000}{chapter.4}% 28
\BOOKMARK [1][-]{section.4.5}{\376\377\0000\000.\0005\000.\0000}{chapter.4}% 29
\BOOKMARK [1][-]{section.4.6}{\376\377\0000\000.\0007\000.\0007\0004}{chapter.4}% 30
\BOOKMARK [1][-]{section.4.7}{\376\377\000U\000p\000c\000o\000m\000i\000n\000g}{chapter.4}% 31
\BOOKMARK [0][-]{chapter.5}{\376\377\000F\000e\000a\000t\000u\000r\000e\000s}{}% 32
\BOOKMARK [1][-]{section.5.1}{\376\377\000I\000D\000\040\000c\000o\000n\000v\000e\000r\000s\000i\000o\000n}{chapter.5}% 33
\BOOKMARK [1][-]{section.5.2}{\376\377\000P\000a\000t\000h\000w\000a\000y\000s}{chapter.5}% 34
\BOOKMARK [1][-]{section.5.3}{\376\377\000S\000t\000r\000u\000c\000t\000u\000r\000a\000l\000\040\000f\000e\000a\000t\000u\000r\000e\000s}{chapter.5}% 35
\BOOKMARK [1][-]{section.5.4}{\376\377\000S\000e\000q\000u\000e\000n\000c\000e\000s}{chapter.5}% 36
\BOOKMARK [1][-]{section.5.5}{\376\377\000T\000i\000s\000s\000u\000e\000\040\000e\000x\000p\000r\000e\000s\000s\000i\000o\000n}{chapter.5}% 37
\BOOKMARK [1][-]{section.5.6}{\376\377\000F\000u\000n\000c\000t\000i\000o\000n\000a\000l\000\040\000a\000n\000n\000o\000t\000a\000t\000i\000o\000n\000s}{chapter.5}% 38
\BOOKMARK [1][-]{section.5.7}{\376\377\000D\000r\000u\000g\000\040\000c\000o\000m\000p\000o\000u\000n\000d\000s}{chapter.5}% 39
\BOOKMARK [1][-]{section.5.8}{\376\377\000T\000e\000c\000h\000n\000i\000c\000a\000l}{chapter.5}% 40
\BOOKMARK [0][-]{chapter.6}{\376\377\000O\000m\000n\000i\000P\000a\000t\000h\000\040\000i\000n\000\040\000R}{}% 41
\BOOKMARK [0][-]{section*.457}{\376\377\000P\000y\000t\000h\000o\000n\000\040\000M\000o\000d\000u\000l\000e\000\040\000I\000n\000d\000e\000x}{}% 42
\BOOKMARK [0][-]{section*.458}{\376\377\000I\000n\000d\000e\000x}{}% 43
